<?xml version="1.0" encoding="UTF-8"?>
<!-- Generated by org.testng.reporters.JUnitReportReporter -->
<testsuite skipped="0" hostname="ip-172-31-7-65" name="com.redBus.Login.test.LoginTest" tests="1" failures="0" timestamp="2020-12-04T15:47:43 UTC" time="4.486" errors="0">
  <testcase name="login" time="4.486" classname="com.redBus.Login.test.LoginTest"/>
  <system-out/>
</testsuite> <!-- com.redBus.Login.test.LoginTest -->
