<?xml version="1.0" encoding="UTF-8"?>
<!-- Generated by org.testng.reporters.JUnitReportReporter -->
<testsuite skipped="0" hostname="ip-172-31-7-65" name="com.testannotations.TestAnnotations" tests="2" failures="0" timestamp="2020-11-07T15:16:36 UTC" time="0.008" errors="0">
  <testcase name="Test1" time="0.006" classname="com.testannotations.TestAnnotations"/>
  <system-out/>
  <testcase name="Test2" time="0.002" classname="com.testannotations.TestAnnotations"/>
  <system-out/>
</testsuite> <!-- com.testannotations.TestAnnotations -->
